Using pre-set license
Built from '2021.1/release' branch; Version is '2021.1.16f1 (5fa502fca597) revision 6268162'; Using compiler version '192528614'; Build Type 'Release'
OS: 'Windows 10 Home; OS build 19042.1237; Version 2009; 64bit' Language: 'en' Physical Memory: 32693 MB
BatchMode: 1, IsHumanControllingUs: 0, StartBugReporterOnCrash: 0, Is64bit: 1, IsPro: 0

 COMMAND LINE ARGUMENTS:
C:\Program Files\Unity\Hub\Editor\2021.1.16f1\Editor\Unity.exe
-adb2
-batchMode
-noUpm
-name
AssetImportWorker0
-projectPath
C:/Users/upd4t/Desktop/Repo/Space Shooter Redux
-logFile
Logs/AssetImportWorker0.log
-srvPort
61178
Successfully changed project path to: C:/Users/upd4t/Desktop/Repo/Space Shooter Redux
C:/Users/upd4t/Desktop/Repo/Space Shooter Redux
Using Asset Import Pipeline V2.
Refreshing native plugins compatible for Editor in 84.40 ms, found 3 plugins.
Preloading 0 native plugins for Editor in 0.00 ms.
Initialize engine version: 2021.1.16f1 (5fa502fca597)
[Subsystems] Discovering subsystems at path C:/Program Files/Unity/Hub/Editor/2021.1.16f1/Editor/Data/Resources/UnitySubsystems
[Subsystems] Discovering subsystems at path C:/Users/upd4t/Desktop/Repo/Space Shooter Redux/Assets
GfxDevice: creating device client; threaded=0; jobified=0
Direct3D:
    Version:  Direct3D 11.0 [level 11.1]
    Renderer: NVIDIA GeForce RTX 2060 (ID=0x1f08)
    Vendor:   NVIDIA
    VRAM:     5980 MB
    Driver:   30.0.14.7196
Initialize mono
Mono path[0] = 'C:/Program Files/Unity/Hub/Editor/2021.1.16f1/Editor/Data/Managed'
Mono path[1] = 'C:/Program Files/Unity/Hub/Editor/2021.1.16f1/Editor/Data/MonoBleedingEdge/lib/mono/unityjit'
Mono config path = 'C:/Program Files/Unity/Hub/Editor/2021.1.16f1/Editor/Data/MonoBleedingEdge/etc'
Using monoOptions --debugger-agent=transport=dt_socket,embedding=1,server=y,suspend=n,address=127.0.0.1:56732
Begin MonoManager ReloadAssembly
Registering precompiled unity dll's ...
Register platform support module: C:/Program Files/Unity/Hub/Editor/2021.1.16f1/Editor/Data/PlaybackEngines/WindowsStandaloneSupport/UnityEditor.WindowsStandalone.Extensions.dll
Registered in 0.001568 seconds.
Native extension for WindowsStandalone target not found
Refreshing native plugins compatible for Editor in 83.54 ms, found 3 plugins.
Preloading 0 native plugins for Editor in 0.00 ms.
Mono: successfully reloaded assembly
- Completed reload, in  1.301 seconds
Domain Reload Profiling:
	ReloadAssembly (1301ms)
		BeginReloadAssembly (52ms)
			ExecutionOrderSort (0ms)
			DisableScriptedObjects (0ms)
			BackupInstance (0ms)
			ReleaseScriptingObjects (0ms)
			CreateAndSetChildDomain (1ms)
		EndReloadAssembly (401ms)
			LoadAssemblies (50ms)
			RebuildTransferFunctionScriptingTraits (0ms)
			SetupTypeCache (130ms)
			ReleaseScriptCaches (0ms)
			RebuildScriptCaches (31ms)
			SetupLoadedEditorAssemblies (202ms)
				LogAssemblyErrors (0ms)
				InitializePlatformSupportModulesInManaged (6ms)
				SetLoadedEditorAssemblies (0ms)
				RefreshPlugins (84ms)
				BeforeProcessingInitializeOnLoad (1ms)
				ProcessInitializeOnLoadAttributes (86ms)
				ProcessInitializeOnLoadMethodAttributes (25ms)
				AfterProcessingInitializeOnLoad (0ms)
				EditorAssembliesLoaded (0ms)
			ExecutionOrderSort2 (0ms)
			AwakeInstancesAfterBackupRestoration (0ms)
Platform modules already initialized, skipping
Registering precompiled user dll's ...
Registered in 0.004641 seconds.
Begin MonoManager ReloadAssembly
Symbol file LoadedFromMemory doesn't match image C:\Users\upd4t\Desktop\Repo\Space Shooter Redux\Library\PackageCache\com.unity.visualscripting@1.6.1\Editor\VisualScripting.Core\Dependencies\YamlDotNet\Unity.VisualScripting.YamlDotNet.dll
Symbol file LoadedFromMemory doesn't match image C:\Users\upd4t\Desktop\Repo\Space Shooter Redux\Library\PackageCache\com.unity.visualscripting@1.6.1\Editor\VisualScripting.Core\Dependencies\DotNetZip\Unity.VisualScripting.IonicZip.dll
Native extension for WindowsStandalone target not found
Refreshing native plugins compatible for Editor in 81.90 ms, found 3 plugins.
Preloading 0 native plugins for Editor in 0.00 ms.
Mono: successfully reloaded assembly
- Completed reload, in  1.154 seconds
Domain Reload Profiling:
	ReloadAssembly (1155ms)
		BeginReloadAssembly (130ms)
			ExecutionOrderSort (0ms)
			DisableScriptedObjects (4ms)
			BackupInstance (0ms)
			ReleaseScriptingObjects (0ms)
			CreateAndSetChildDomain (18ms)
		EndReloadAssembly (975ms)
			LoadAssemblies (75ms)
			RebuildTransferFunctionScriptingTraits (0ms)
			SetupTypeCache (291ms)
			ReleaseScriptCaches (1ms)
			RebuildScriptCaches (52ms)
			SetupLoadedEditorAssemblies (478ms)
				LogAssemblyErrors (0ms)
				InitializePlatformSupportModulesInManaged (4ms)
				SetLoadedEditorAssemblies (0ms)
				RefreshPlugins (82ms)
				BeforeProcessingInitializeOnLoad (68ms)
				ProcessInitializeOnLoadAttributes (315ms)
				ProcessInitializeOnLoadMethodAttributes (4ms)
				AfterProcessingInitializeOnLoad (5ms)
				EditorAssembliesLoaded (0ms)
			ExecutionOrderSort2 (0ms)
			AwakeInstancesAfterBackupRestoration (5ms)
Platform modules already initialized, skipping
========================================================================
Worker process is ready to serve import requests
Launched and connected shader compiler UnityShaderCompiler.exe after 0.04 seconds
Refreshing native plugins compatible for Editor in 0.74 ms, found 3 plugins.
Preloading 0 native plugins for Editor in 0.00 ms.
Unloading 3377 Unused Serialized files (Serialized files now loaded: 0)
System memory in use before: 127.2 MB.
System memory in use after: 127.3 MB.

Unloading 26 unused Assets to reduce memory usage. Loaded Objects now: 3825.
Total: 3.498100 ms (FindLiveObjects: 0.306700 ms CreateObjectMapping: 0.083000 ms MarkObjects: 3.038300 ms  DeleteObjects: 0.068700 ms)

AssetImportParameters requested are different than current active one (requested -> active):
  custom:framework-win-MediaFoundation: 216162199b28c13a410421893ffa2e32 -> 
  custom:video-decoder-ogg-theora: a1e56fd34408186e4bbccfd4996cb3dc -> 
  custom:container-muxer-webm: aa71ff27fc2769a1b78a27578f13a17b -> 
  custom:container-demuxer-webm: 4f35f7cbe854078d1ac9338744f61a02 -> 
  custom:container-demuxer-ogg: 62fdf1f143b41e24485cea50d1cbac27 -> 
  custom:video-encoder-webm-vp8: eb34c28f22e8b96e1ab97ce403110664 -> 
  custom:video-decoder-webm-vp8: 9c59270c3fd7afecdb556c50c9e8de78 -> 
  custom:audio-decoder-ogg-vorbis: bf7c407c2cedff20999df2af8eb42d56 -> 
  custom:audio-encoder-webm-vorbis: bf7c407c2cedff20999df2af8eb42d56 -> 
========================================================================
Received Import Request.
  path: Assets/Scripts/Powerups.cs
  artifactKey: Guid(d1a67cc89a7f0c447ab7fb4cd23217f3) Importer(815301076,1909f56bfc062723c751e8b465ee728b)
Start importing Assets/Scripts/Powerups.cs using Guid(d1a67cc89a7f0c447ab7fb4cd23217f3) Importer(815301076,1909f56bfc062723c751e8b465ee728b)  -> (artifact id: '9fc32f7cfedadc46457c24db6b4eacfa') in 0.024023 seconds 
========================================================================
Received Import Request.
  Time since last request: 25.192775 seconds.
  path: Assets/Powerup/Shield Powerup.prefab
  artifactKey: Guid(e791bb3528178584e91633a04e8c6b4a) Importer(815301076,1909f56bfc062723c751e8b465ee728b)
Start importing Assets/Powerup/Shield Powerup.prefab using Guid(e791bb3528178584e91633a04e8c6b4a) Importer(815301076,1909f56bfc062723c751e8b465ee728b)  -> (artifact id: 'a4474636862ac3a68a1ef70f02e9e6e4') in 0.072008 seconds 
========================================================================
Received Import Request.
  Time since last request: 2.435469 seconds.
  path: Assets/Powerup/Shield Powerup.prefab
  artifactKey: Guid(e791bb3528178584e91633a04e8c6b4a) Importer(815301076,1909f56bfc062723c751e8b465ee728b)
Start importing Assets/Powerup/Shield Powerup.prefab using Guid(e791bb3528178584e91633a04e8c6b4a) Importer(815301076,1909f56bfc062723c751e8b465ee728b)  -> (artifact id: '10e7c1d368f004d61f7ba016be8c8ec9') in 0.008626 seconds 
========================================================================
Received Import Request.
  Time since last request: 4.402491 seconds.
  path: Assets/Powerup/Speed Boost Powerup.prefab
  artifactKey: Guid(cb69d2dccf4b63246aaadd65eed465bb) Importer(815301076,1909f56bfc062723c751e8b465ee728b)
Start importing Assets/Powerup/Speed Boost Powerup.prefab using Guid(cb69d2dccf4b63246aaadd65eed465bb) Importer(815301076,1909f56bfc062723c751e8b465ee728b)  -> (artifact id: 'c295b964992d2e71b421809f3731b57c') in 0.010006 seconds 
========================================================================
Received Import Request.
  Time since last request: 1.916501 seconds.
  path: Assets/Powerup/Speed Boost Powerup.prefab
  artifactKey: Guid(cb69d2dccf4b63246aaadd65eed465bb) Importer(815301076,1909f56bfc062723c751e8b465ee728b)
Start importing Assets/Powerup/Speed Boost Powerup.prefab using Guid(cb69d2dccf4b63246aaadd65eed465bb) Importer(815301076,1909f56bfc062723c751e8b465ee728b)  -> (artifact id: 'bac2dee7c73a1fa9925a3ab5fa850469') in 0.006621 seconds 
========================================================================
Received Import Request.
  Time since last request: 4.302750 seconds.
  path: Assets/Powerup/Tri Laser Powerup.prefab
  artifactKey: Guid(7843fe8a6cbfca3478d36b54baa72927) Importer(815301076,1909f56bfc062723c751e8b465ee728b)
Start importing Assets/Powerup/Tri Laser Powerup.prefab using Guid(7843fe8a6cbfca3478d36b54baa72927) Importer(815301076,1909f56bfc062723c751e8b465ee728b)  -> (artifact id: '31d3c4dc21ea9eee6e78e4d7d651bc34') in 0.010401 seconds 
========================================================================
Received Import Request.
  Time since last request: 1.706751 seconds.
  path: Assets/Powerup/Tri Laser Powerup.prefab
  artifactKey: Guid(7843fe8a6cbfca3478d36b54baa72927) Importer(815301076,1909f56bfc062723c751e8b465ee728b)
Start importing Assets/Powerup/Tri Laser Powerup.prefab using Guid(7843fe8a6cbfca3478d36b54baa72927) Importer(815301076,1909f56bfc062723c751e8b465ee728b)  -> (artifact id: '638a6619729d78000d94c58128e56199') in 0.006783 seconds 
========================================================================
Received Prepare
Registering precompiled user dll's ...
Registered in 0.004854 seconds.
Begin MonoManager ReloadAssembly
Symbol file LoadedFromMemory doesn't match image C:\Users\upd4t\Desktop\Repo\Space Shooter Redux\Library\PackageCache\com.unity.visualscripting@1.6.1\Editor\VisualScripting.Core\Dependencies\YamlDotNet\Unity.VisualScripting.YamlDotNet.dll
Symbol file LoadedFromMemory doesn't match image C:\Users\upd4t\Desktop\Repo\Space Shooter Redux\Library\PackageCache\com.unity.visualscripting@1.6.1\Editor\VisualScripting.Core\Dependencies\DotNetZip\Unity.VisualScripting.IonicZip.dll
Native extension for WindowsStandalone target not found
Refreshing native plugins compatible for Editor in 0.81 ms, found 3 plugins.
Preloading 0 native plugins for Editor in 0.00 ms.
Mono: successfully reloaded assembly
- Completed reload, in  1.002 seconds
Domain Reload Profiling:
	ReloadAssembly (1002ms)
		BeginReloadAssembly (118ms)
			ExecutionOrderSort (0ms)
			DisableScriptedObjects (4ms)
			BackupInstance (0ms)
			ReleaseScriptingObjects (0ms)
			CreateAndSetChildDomain (33ms)
		EndReloadAssembly (834ms)
			LoadAssemblies (74ms)
			RebuildTransferFunctionScriptingTraits (0ms)
			SetupTypeCache (280ms)
			ReleaseScriptCaches (1ms)
			RebuildScriptCaches (41ms)
			SetupLoadedEditorAssemblies (349ms)
				LogAssemblyErrors (0ms)
				InitializePlatformSupportModulesInManaged (4ms)
				SetLoadedEditorAssemblies (0ms)
				RefreshPlugins (1ms)
				BeforeProcessingInitializeOnLoad (52ms)
				ProcessInitializeOnLoadAttributes (283ms)
				ProcessInitializeOnLoadMethodAttributes (4ms)
				AfterProcessingInitializeOnLoad (5ms)
				EditorAssembliesLoaded (0ms)
			ExecutionOrderSort2 (0ms)
			AwakeInstancesAfterBackupRestoration (8ms)
Platform modules already initialized, skipping
Refreshing native plugins compatible for Editor in 0.77 ms, found 3 plugins.
Preloading 0 native plugins for Editor in 0.00 ms.
Unloading 3344 Unused Serialized files (Serialized files now loaded: 0)
System memory in use before: 128.7 MB.
System memory in use after: 128.9 MB.

Unloading 19 unused Assets to reduce memory usage. Loaded Objects now: 3834.
Total: 3.011500 ms (FindLiveObjects: 0.269400 ms CreateObjectMapping: 0.089900 ms MarkObjects: 2.608200 ms  DeleteObjects: 0.043100 ms)

AssetImportParameters requested are different than current active one (requested -> active):
  custom:framework-win-MediaFoundation: 216162199b28c13a410421893ffa2e32 -> 
  custom:video-decoder-ogg-theora: a1e56fd34408186e4bbccfd4996cb3dc -> 
  custom:container-muxer-webm: aa71ff27fc2769a1b78a27578f13a17b -> 
  custom:container-demuxer-webm: 4f35f7cbe854078d1ac9338744f61a02 -> 
  custom:container-demuxer-ogg: 62fdf1f143b41e24485cea50d1cbac27 -> 
  custom:video-encoder-webm-vp8: eb34c28f22e8b96e1ab97ce403110664 -> 
  custom:video-decoder-webm-vp8: 9c59270c3fd7afecdb556c50c9e8de78 -> 
  custom:audio-decoder-ogg-vorbis: bf7c407c2cedff20999df2af8eb42d56 -> 
  custom:audio-encoder-webm-vorbis: bf7c407c2cedff20999df2af8eb42d56 -> 
========================================================================
Received Import Request.
  Time since last request: 34.347648 seconds.
  path: Assets/Powerup/Shield Powerup.prefab
  artifactKey: Guid(e791bb3528178584e91633a04e8c6b4a) Importer(815301076,1909f56bfc062723c751e8b465ee728b)
Start importing Assets/Powerup/Shield Powerup.prefab using Guid(e791bb3528178584e91633a04e8c6b4a) Importer(815301076,1909f56bfc062723c751e8b465ee728b)  -> (artifact id: 'b2d25ae85548687ec7b729530cecf8a1') in 0.046136 seconds 
========================================================================
Received Import Request.
  Time since last request: 8.200470 seconds.
  path: Assets/Powerup/Shield Powerup.prefab
  artifactKey: Guid(e791bb3528178584e91633a04e8c6b4a) Importer(815301076,1909f56bfc062723c751e8b465ee728b)
Start importing Assets/Powerup/Shield Powerup.prefab using Guid(e791bb3528178584e91633a04e8c6b4a) Importer(815301076,1909f56bfc062723c751e8b465ee728b)  -> (artifact id: '3b9a429ac5d610d56da7efbc14734ca0') in 0.007023 seconds 
========================================================================
Received Import Request.
  Time since last request: 1.479420 seconds.
  path: Assets/Powerup/Speed Boost Powerup.prefab
  artifactKey: Guid(cb69d2dccf4b63246aaadd65eed465bb) Importer(815301076,1909f56bfc062723c751e8b465ee728b)
Start importing Assets/Powerup/Speed Boost Powerup.prefab using Guid(cb69d2dccf4b63246aaadd65eed465bb) Importer(815301076,1909f56bfc062723c751e8b465ee728b)  -> (artifact id: '42e48620b25543c75dd5fe9d0a8a1bcd') in 0.007221 seconds 
========================================================================
Received Import Request.
  Time since last request: 2.106732 seconds.
  path: Assets/Powerup/Speed Boost Powerup.prefab
  artifactKey: Guid(cb69d2dccf4b63246aaadd65eed465bb) Importer(815301076,1909f56bfc062723c751e8b465ee728b)
Start importing Assets/Powerup/Speed Boost Powerup.prefab using Guid(cb69d2dccf4b63246aaadd65eed465bb) Importer(815301076,1909f56bfc062723c751e8b465ee728b)  -> (artifact id: '52fc15c73217395447f414f227ec3e53') in 0.006953 seconds 
========================================================================
Received Import Request.
  Time since last request: 1.270891 seconds.
  path: Assets/Powerup/Tri Laser Powerup.prefab
  artifactKey: Guid(7843fe8a6cbfca3478d36b54baa72927) Importer(815301076,1909f56bfc062723c751e8b465ee728b)
Start importing Assets/Powerup/Tri Laser Powerup.prefab using Guid(7843fe8a6cbfca3478d36b54baa72927) Importer(815301076,1909f56bfc062723c751e8b465ee728b)  -> (artifact id: '8f518e4db27be956c2de89a098b60356') in 0.006798 seconds 
========================================================================
Received Import Request.
  Time since last request: 3.938001 seconds.
  path: Assets/Powerup/Tri Laser Powerup.prefab
  artifactKey: Guid(7843fe8a6cbfca3478d36b54baa72927) Importer(815301076,1909f56bfc062723c751e8b465ee728b)
Start importing Assets/Powerup/Tri Laser Powerup.prefab using Guid(7843fe8a6cbfca3478d36b54baa72927) Importer(815301076,1909f56bfc062723c751e8b465ee728b)  -> (artifact id: '906eb76233ec4847158b06aca8d545b5') in 0.007052 seconds 
========================================================================
Received Import Request.
  Time since last request: 276.964488 seconds.
  path: Assets/Powerup/Tri Laser Powerup.prefab
  artifactKey: Guid(7843fe8a6cbfca3478d36b54baa72927) Importer(815301076,1909f56bfc062723c751e8b465ee728b)
Start importing Assets/Powerup/Tri Laser Powerup.prefab using Guid(7843fe8a6cbfca3478d36b54baa72927) Importer(815301076,1909f56bfc062723c751e8b465ee728b)  -> (artifact id: 'd3600ad9526eb8a455725b8f8af4d95c') in 0.011091 seconds 
========================================================================
Received Import Request.
  Time since last request: 4.068722 seconds.
  path: Assets/Powerup/Speed Boost Powerup.prefab
  artifactKey: Guid(cb69d2dccf4b63246aaadd65eed465bb) Importer(815301076,1909f56bfc062723c751e8b465ee728b)
Start importing Assets/Powerup/Speed Boost Powerup.prefab using Guid(cb69d2dccf4b63246aaadd65eed465bb) Importer(815301076,1909f56bfc062723c751e8b465ee728b)  -> (artifact id: '36c535b7c18a72db267683d6777aef03') in 0.007399 seconds 
========================================================================
Received Import Request.
  Time since last request: 3.451894 seconds.
  path: Assets/Powerup/Shield Powerup.prefab
  artifactKey: Guid(e791bb3528178584e91633a04e8c6b4a) Importer(815301076,1909f56bfc062723c751e8b465ee728b)
Start importing Assets/Powerup/Shield Powerup.prefab using Guid(e791bb3528178584e91633a04e8c6b4a) Importer(815301076,1909f56bfc062723c751e8b465ee728b)  -> (artifact id: '49510e3dcd82ccae5b5ee6425bcc5396') in 0.007498 seconds 
========================================================================
Received Prepare
Registering precompiled user dll's ...
Registered in 0.005008 seconds.
Begin MonoManager ReloadAssembly
Symbol file LoadedFromMemory doesn't match image C:\Users\upd4t\Desktop\Repo\Space Shooter Redux\Library\PackageCache\com.unity.visualscripting@1.6.1\Editor\VisualScripting.Core\Dependencies\YamlDotNet\Unity.VisualScripting.YamlDotNet.dll
Symbol file LoadedFromMemory doesn't match image C:\Users\upd4t\Desktop\Repo\Space Shooter Redux\Library\PackageCache\com.unity.visualscripting@1.6.1\Editor\VisualScripting.Core\Dependencies\DotNetZip\Unity.VisualScripting.IonicZip.dll
Native extension for WindowsStandalone target not found
Refreshing native plugins compatible for Editor in 0.76 ms, found 3 plugins.
Preloading 0 native plugins for Editor in 0.00 ms.
Mono: successfully reloaded assembly
- Completed reload, in  1.020 seconds
Domain Reload Profiling:
	ReloadAssembly (1020ms)
		BeginReloadAssembly (108ms)
			ExecutionOrderSort (0ms)
			DisableScriptedObjects (4ms)
			BackupInstance (0ms)
			ReleaseScriptingObjects (0ms)
			CreateAndSetChildDomain (35ms)
		EndReloadAssembly (858ms)
			LoadAssemblies (78ms)
			RebuildTransferFunctionScriptingTraits (0ms)
			SetupTypeCache (300ms)
			ReleaseScriptCaches (1ms)
			RebuildScriptCaches (42ms)
			SetupLoadedEditorAssemblies (349ms)
				LogAssemblyErrors (0ms)
				InitializePlatformSupportModulesInManaged (4ms)
				SetLoadedEditorAssemblies (0ms)
				RefreshPlugins (1ms)
				BeforeProcessingInitializeOnLoad (49ms)
				ProcessInitializeOnLoadAttributes (285ms)
				ProcessInitializeOnLoadMethodAttributes (4ms)
				AfterProcessingInitializeOnLoad (5ms)
				EditorAssembliesLoaded (0ms)
			ExecutionOrderSort2 (0ms)
			AwakeInstancesAfterBackupRestoration (7ms)
Platform modules already initialized, skipping
Refreshing native plugins compatible for Editor in 0.78 ms, found 3 plugins.
Preloading 0 native plugins for Editor in 0.00 ms.
Unloading 3344 Unused Serialized files (Serialized files now loaded: 0)
System memory in use before: 128.8 MB.
System memory in use after: 129.0 MB.

Unloading 19 unused Assets to reduce memory usage. Loaded Objects now: 3837.
Total: 3.576900 ms (FindLiveObjects: 0.313400 ms CreateObjectMapping: 0.085200 ms MarkObjects: 3.120900 ms  DeleteObjects: 0.055900 ms)

AssetImportParameters requested are different than current active one (requested -> active):
  custom:framework-win-MediaFoundation: 216162199b28c13a410421893ffa2e32 -> 
  custom:video-decoder-ogg-theora: a1e56fd34408186e4bbccfd4996cb3dc -> 
  custom:container-muxer-webm: aa71ff27fc2769a1b78a27578f13a17b -> 
  custom:container-demuxer-webm: 4f35f7cbe854078d1ac9338744f61a02 -> 
  custom:container-demuxer-ogg: 62fdf1f143b41e24485cea50d1cbac27 -> 
  custom:video-encoder-webm-vp8: eb34c28f22e8b96e1ab97ce403110664 -> 
  custom:video-decoder-webm-vp8: 9c59270c3fd7afecdb556c50c9e8de78 -> 
  custom:audio-decoder-ogg-vorbis: bf7c407c2cedff20999df2af8eb42d56 -> 
  custom:audio-encoder-webm-vorbis: bf7c407c2cedff20999df2af8eb42d56 -> 
========================================================================
Received Import Request.
  Time since last request: 2943.813298 seconds.
  path: Assets/Scripts/Enemy.cs
  artifactKey: Guid(39ff3803fe20ba842b080e98c41f204c) Importer(815301076,1909f56bfc062723c751e8b465ee728b)
Start importing Assets/Scripts/Enemy.cs using Guid(39ff3803fe20ba842b080e98c41f204c) Importer(815301076,1909f56bfc062723c751e8b465ee728b)  -> (artifact id: 'c6bdfc17c6e14be92b145010086bad01') in 0.008349 seconds 
========================================================================
Received Import Request.
  Time since last request: 27.768362 seconds.
  path: Assets/Scripts/Enemy.cs
  artifactKey: Guid(39ff3803fe20ba842b080e98c41f204c) Importer(815301076,1909f56bfc062723c751e8b465ee728b)
Start importing Assets/Scripts/Enemy.cs using Guid(39ff3803fe20ba842b080e98c41f204c) Importer(815301076,1909f56bfc062723c751e8b465ee728b)  -> (artifact id: '23247e7ab956bbdfcc9e8af1d80d82d2') in 0.001754 seconds 
========================================================================
Received Prepare
Registering precompiled user dll's ...
Registered in 0.004675 seconds.
Begin MonoManager ReloadAssembly
Symbol file LoadedFromMemory doesn't match image C:\Users\upd4t\Desktop\Repo\Space Shooter Redux\Library\PackageCache\com.unity.visualscripting@1.6.1\Editor\VisualScripting.Core\Dependencies\YamlDotNet\Unity.VisualScripting.YamlDotNet.dll
Symbol file LoadedFromMemory doesn't match image C:\Users\upd4t\Desktop\Repo\Space Shooter Redux\Library\PackageCache\com.unity.visualscripting@1.6.1\Editor\VisualScripting.Core\Dependencies\DotNetZip\Unity.VisualScripting.IonicZip.dll
Native extension for WindowsStandalone target not found
Refreshing native plugins compatible for Editor in 0.76 ms, found 3 plugins.
Preloading 0 native plugins for Editor in 0.00 ms.
Mono: successfully reloaded assembly
- Completed reload, in  1.012 seconds
Domain Reload Profiling:
	ReloadAssembly (1012ms)
		BeginReloadAssembly (109ms)
			ExecutionOrderSort (0ms)
			DisableScriptedObjects (4ms)
			BackupInstance (0ms)
			ReleaseScriptingObjects (0ms)
			CreateAndSetChildDomain (32ms)
		EndReloadAssembly (852ms)
			LoadAssemblies (77ms)
			RebuildTransferFunctionScriptingTraits (0ms)
			SetupTypeCache (302ms)
			ReleaseScriptCaches (1ms)
			RebuildScriptCaches (41ms)
			SetupLoadedEditorAssemblies (346ms)
				LogAssemblyErrors (0ms)
				InitializePlatformSupportModulesInManaged (4ms)
				SetLoadedEditorAssemblies (0ms)
				RefreshPlugins (1ms)
				BeforeProcessingInitializeOnLoad (48ms)
				ProcessInitializeOnLoadAttributes (284ms)
				ProcessInitializeOnLoadMethodAttributes (4ms)
				AfterProcessingInitializeOnLoad (5ms)
				EditorAssembliesLoaded (0ms)
			ExecutionOrderSort2 (0ms)
			AwakeInstancesAfterBackupRestoration (7ms)
Platform modules already initialized, skipping
Refreshing native plugins compatible for Editor in 0.76 ms, found 3 plugins.
Preloading 0 native plugins for Editor in 0.00 ms.
Unloading 3344 Unused Serialized files (Serialized files now loaded: 0)
System memory in use before: 128.8 MB.
System memory in use after: 129.0 MB.

Unloading 19 unused Assets to reduce memory usage. Loaded Objects now: 3839.
Total: 3.036100 ms (FindLiveObjects: 0.270100 ms CreateObjectMapping: 0.080800 ms MarkObjects: 2.638300 ms  DeleteObjects: 0.046100 ms)

AssetImportParameters requested are different than current active one (requested -> active):
  custom:framework-win-MediaFoundation: 216162199b28c13a410421893ffa2e32 -> 
  custom:video-decoder-ogg-theora: a1e56fd34408186e4bbccfd4996cb3dc -> 
  custom:container-muxer-webm: aa71ff27fc2769a1b78a27578f13a17b -> 
  custom:container-demuxer-webm: 4f35f7cbe854078d1ac9338744f61a02 -> 
  custom:container-demuxer-ogg: 62fdf1f143b41e24485cea50d1cbac27 -> 
  custom:video-encoder-webm-vp8: eb34c28f22e8b96e1ab97ce403110664 -> 
  custom:video-decoder-webm-vp8: 9c59270c3fd7afecdb556c50c9e8de78 -> 
  custom:audio-decoder-ogg-vorbis: bf7c407c2cedff20999df2af8eb42d56 -> 
  custom:audio-encoder-webm-vorbis: bf7c407c2cedff20999df2af8eb42d56 -> 
========================================================================
Received Import Request.
  Time since last request: 73.451672 seconds.
  path: Assets/Scripts/Enemy.cs
  artifactKey: Guid(39ff3803fe20ba842b080e98c41f204c) Importer(815301076,1909f56bfc062723c751e8b465ee728b)
Start importing Assets/Scripts/Enemy.cs using Guid(39ff3803fe20ba842b080e98c41f204c) Importer(815301076,1909f56bfc062723c751e8b465ee728b)  -> (artifact id: 'f51e5efc4462310a1f12121a4b372c1d') in 0.006115 seconds 
========================================================================
Received Prepare
Registering precompiled user dll's ...
Registered in 0.004696 seconds.
Begin MonoManager ReloadAssembly
Symbol file LoadedFromMemory doesn't match image C:\Users\upd4t\Desktop\Repo\Space Shooter Redux\Library\PackageCache\com.unity.visualscripting@1.6.1\Editor\VisualScripting.Core\Dependencies\YamlDotNet\Unity.VisualScripting.YamlDotNet.dll
Symbol file LoadedFromMemory doesn't match image C:\Users\upd4t\Desktop\Repo\Space Shooter Redux\Library\PackageCache\com.unity.visualscripting@1.6.1\Editor\VisualScripting.Core\Dependencies\DotNetZip\Unity.VisualScripting.IonicZip.dll
Native extension for WindowsStandalone target not found
Refreshing native plugins compatible for Editor in 0.81 ms, found 3 plugins.
Preloading 0 native plugins for Editor in 0.00 ms.
Mono: successfully reloaded assembly
- Completed reload, in  1.018 seconds
Domain Reload Profiling:
	ReloadAssembly (1018ms)
		BeginReloadAssembly (118ms)
			ExecutionOrderSort (0ms)
			DisableScriptedObjects (4ms)
			BackupInstance (0ms)
			ReleaseScriptingObjects (0ms)
			CreateAndSetChildDomain (35ms)
		EndReloadAssembly (844ms)
			LoadAssemblies (82ms)
			RebuildTransferFunctionScriptingTraits (0ms)
			SetupTypeCache (286ms)
			ReleaseScriptCaches (1ms)
			RebuildScriptCaches (42ms)
			SetupLoadedEditorAssemblies (352ms)
				LogAssemblyErrors (0ms)
				InitializePlatformSupportModulesInManaged (5ms)
				SetLoadedEditorAssemblies (0ms)
				RefreshPlugins (1ms)
				BeforeProcessingInitializeOnLoad (51ms)
				ProcessInitializeOnLoadAttributes (286ms)
				ProcessInitializeOnLoadMethodAttributes (4ms)
				AfterProcessingInitializeOnLoad (5ms)
				EditorAssembliesLoaded (0ms)
			ExecutionOrderSort2 (0ms)
			AwakeInstancesAfterBackupRestoration (6ms)
Platform modules already initialized, skipping
Refreshing native plugins compatible for Editor in 0.82 ms, found 3 plugins.
Preloading 0 native plugins for Editor in 0.00 ms.
Unloading 3344 Unused Serialized files (Serialized files now loaded: 0)
System memory in use before: 128.8 MB.
System memory in use after: 129.1 MB.

Unloading 19 unused Assets to reduce memory usage. Loaded Objects now: 3841.
Total: 3.079000 ms (FindLiveObjects: 0.278200 ms CreateObjectMapping: 0.082700 ms MarkObjects: 2.672000 ms  DeleteObjects: 0.044600 ms)

AssetImportParameters requested are different than current active one (requested -> active):
  custom:framework-win-MediaFoundation: 216162199b28c13a410421893ffa2e32 -> 
  custom:video-decoder-ogg-theora: a1e56fd34408186e4bbccfd4996cb3dc -> 
  custom:container-muxer-webm: aa71ff27fc2769a1b78a27578f13a17b -> 
  custom:container-demuxer-webm: 4f35f7cbe854078d1ac9338744f61a02 -> 
  custom:container-demuxer-ogg: 62fdf1f143b41e24485cea50d1cbac27 -> 
  custom:video-encoder-webm-vp8: eb34c28f22e8b96e1ab97ce403110664 -> 
  custom:video-decoder-webm-vp8: 9c59270c3fd7afecdb556c50c9e8de78 -> 
  custom:audio-decoder-ogg-vorbis: bf7c407c2cedff20999df2af8eb42d56 -> 
  custom:audio-encoder-webm-vorbis: bf7c407c2cedff20999df2af8eb42d56 -> 
AssetImportWorkerClient::OnTransportError - code=2 error=End of file
